{"/home/artem/mern/client/src/App.js": {"path":"/home/artem/mern/client/src/App.js","statementMap":{"0":{"start":{"line":13,"column":19},"end":{"line":13,"column":32}},"1":{"start":{"line":14,"column":15},"end":{"line":14,"column":40}},"2":{"start":{"line":16,"column":2},"end":{"line":22,"column":17}},"3":{"start":{"line":17,"column":17},"end":{"line":17,"column":63}},"4":{"start":{"line":19,"column":4},"end":{"line":21,"column":5}},"5":{"start":{"line":20,"column":6},"end":{"line":20,"column":42}},"6":{"start":{"line":24,"column":22},"end":{"line":24,"column":28}},"7":{"start":{"line":26,"column":2},"end":{"line":33,"column":4}}},"fnMap":{"0":{"name":"App","decl":{"start":{"line":12,"column":9},"end":{"line":12,"column":12}},"loc":{"start":{"line":12,"column":15},"end":{"line":34,"column":1}},"line":12},"1":{"name":"(anonymous_1)","decl":{"start":{"line":16,"column":12},"end":{"line":16,"column":13}},"loc":{"start":{"line":16,"column":18},"end":{"line":22,"column":3}},"line":16}},"branchMap":{"0":{"loc":{"start":{"line":19,"column":4},"end":{"line":21,"column":5}},"type":"if","locations":[{"start":{"line":19,"column":4},"end":{"line":21,"column":5}},{"start":{},"end":{}}],"line":19},"1":{"loc":{"start":{"line":19,"column":8},"end":{"line":19,"column":26}},"type":"binary-expr","locations":[{"start":{"line":19,"column":8},"end":{"line":19,"column":12}},{"start":{"line":19,"column":16},"end":{"line":19,"column":26}}],"line":19},"2":{"loc":{"start":{"line":28,"column":7},"end":{"line":28,"column":31}},"type":"binary-expr","locations":[{"start":{"line":28,"column":7},"end":{"line":28,"column":17}},{"start":{"line":28,"column":21},"end":{"line":28,"column":31}}],"line":28},"3":{"loc":{"start":{"line":29,"column":41},"end":{"line":29,"column":67}},"type":"cond-expr","locations":[{"start":{"line":29,"column":55},"end":{"line":29,"column":62}},{"start":{"line":29,"column":65},"end":{"line":29,"column":67}}],"line":29}},"s":{"0":0,"1":0,"2":0,"3":0,"4":0,"5":0,"6":0,"7":0},"f":{"0":0,"1":0},"b":{"0":[0,0],"1":[0,0],"2":[0,0],"3":[0,0]}}
,"/home/artem/mern/client/src/index.js": {"path":"/home/artem/mern/client/src/index.js","statementMap":{"0":{"start":{"line":11,"column":0},"end":{"line":21,"column":2}},"1":{"start":{"line":26,"column":0},"end":{"line":26,"column":18}}},"fnMap":{},"branchMap":{},"s":{"0":0,"1":0},"f":{},"b":{}}
,"/home/artem/mern/client/src/reportWebVitals.js": {"path":"/home/artem/mern/client/src/reportWebVitals.js","statementMap":{"0":{"start":{"line":1,"column":24},"end":{"line":11,"column":1}},"1":{"start":{"line":2,"column":2},"end":{"line":10,"column":3}},"2":{"start":{"line":3,"column":4},"end":{"line":9,"column":7}},"3":{"start":{"line":4,"column":6},"end":{"line":4,"column":26}},"4":{"start":{"line":5,"column":6},"end":{"line":5,"column":26}},"5":{"start":{"line":6,"column":6},"end":{"line":6,"column":26}},"6":{"start":{"line":7,"column":6},"end":{"line":7,"column":26}},"7":{"start":{"line":8,"column":6},"end":{"line":8,"column":27}}},"fnMap":{"0":{"name":"(anonymous_0)","decl":{"start":{"line":1,"column":24},"end":{"line":1,"column":25}},"loc":{"start":{"line":1,"column":39},"end":{"line":11,"column":1}},"line":1},"1":{"name":"(anonymous_1)","decl":{"start":{"line":3,"column":30},"end":{"line":3,"column":31}},"loc":{"start":{"line":3,"column":79},"end":{"line":9,"column":5}},"line":3}},"branchMap":{"0":{"loc":{"start":{"line":2,"column":2},"end":{"line":10,"column":3}},"type":"if","locations":[{"start":{"line":2,"column":2},"end":{"line":10,"column":3}},{"start":{},"end":{}}],"line":2},"1":{"loc":{"start":{"line":2,"column":6},"end":{"line":2,"column":52}},"type":"binary-expr","locations":[{"start":{"line":2,"column":6},"end":{"line":2,"column":17}},{"start":{"line":2,"column":21},"end":{"line":2,"column":52}}],"line":2}},"s":{"0":0,"1":0,"2":0,"3":0,"4":0,"5":0,"6":0,"7":0},"f":{"0":0,"1":0},"b":{"0":[0,0],"1":[0,0]}}
,"/home/artem/mern/client/src/components/LoginButton/LoginButton.jsx": {"path":"/home/artem/mern/client/src/components/LoginButton/LoginButton.jsx","statementMap":{"0":{"start":{"line":7,"column":20},"end":{"line":24,"column":1}},"1":{"start":{"line":8,"column":19},"end":{"line":8,"column":32}},"2":{"start":{"line":9,"column":18},"end":{"line":9,"column":30}},"3":{"start":{"line":10,"column":19},"end":{"line":10,"column":32}},"4":{"start":{"line":12,"column":17},"end":{"line":12,"column":76}},"5":{"start":{"line":14,"column":21},"end":{"line":17,"column":3}},"6":{"start":{"line":15,"column":4},"end":{"line":15,"column":23}},"7":{"start":{"line":16,"column":4},"end":{"line":16,"column":23}},"8":{"start":{"line":19,"column":2},"end":{"line":23,"column":4}}},"fnMap":{"0":{"name":"(anonymous_0)","decl":{"start":{"line":7,"column":20},"end":{"line":7,"column":21}},"loc":{"start":{"line":7,"column":26},"end":{"line":24,"column":1}},"line":7},"1":{"name":"(anonymous_1)","decl":{"start":{"line":14,"column":21},"end":{"line":14,"column":22}},"loc":{"start":{"line":14,"column":27},"end":{"line":17,"column":3}},"line":14}},"branchMap":{"0":{"loc":{"start":{"line":12,"column":17},"end":{"line":12,"column":76}},"type":"binary-expr","locations":[{"start":{"line":12,"column":17},"end":{"line":12,"column":31}},{"start":{"line":12,"column":35},"end":{"line":12,"column":76}}],"line":12}},"s":{"0":0,"1":0,"2":0,"3":0,"4":0,"5":0,"6":0,"7":0,"8":0},"f":{"0":0,"1":0},"b":{"0":[0,0]}}
,"/home/artem/mern/client/src/components/Routes/index.jsx": {"path":"/home/artem/mern/client/src/components/Routes/index.jsx","statementMap":{"0":{"start":{"line":8,"column":15},"end":{"line":8,"column":40}},"1":{"start":{"line":10,"column":2},"end":{"line":26,"column":4}},"2":{"start":{"line":14,"column":8},"end":{"line":23,"column":10}},"3":{"start":{"line":30,"column":15},"end":{"line":30,"column":40}},"4":{"start":{"line":32,"column":2},"end":{"line":48,"column":4}},"5":{"start":{"line":36,"column":8},"end":{"line":45,"column":10}},"6":{"start":{"line":51,"column":15},"end":{"line":77,"column":1}},"7":{"start":{"line":52,"column":2},"end":{"line":76,"column":4}}},"fnMap":{"0":{"name":"PrivateRoute","decl":{"start":{"line":7,"column":9},"end":{"line":7,"column":21}},"loc":{"start":{"line":7,"column":45},"end":{"line":27,"column":1}},"line":7},"1":{"name":"(anonymous_1)","decl":{"start":{"line":13,"column":14},"end":{"line":13,"column":15}},"loc":{"start":{"line":13,"column":32},"end":{"line":24,"column":7}},"line":13},"2":{"name":"LoginRoute","decl":{"start":{"line":29,"column":9},"end":{"line":29,"column":19}},"loc":{"start":{"line":29,"column":43},"end":{"line":49,"column":1}},"line":29},"3":{"name":"(anonymous_3)","decl":{"start":{"line":35,"column":14},"end":{"line":35,"column":15}},"loc":{"start":{"line":35,"column":32},"end":{"line":46,"column":7}},"line":35},"4":{"name":"(anonymous_4)","decl":{"start":{"line":51,"column":15},"end":{"line":51,"column":16}},"loc":{"start":{"line":51,"column":33},"end":{"line":77,"column":1}},"line":51}},"branchMap":{"0":{"loc":{"start":{"line":14,"column":15},"end":{"line":23,"column":9}},"type":"cond-expr","locations":[{"start":{"line":15,"column":10},"end":{"line":15,"column":18}},{"start":{"line":17,"column":10},"end":{"line":22,"column":12}}],"line":14},"1":{"loc":{"start":{"line":36,"column":15},"end":{"line":45,"column":9}},"type":"cond-expr","locations":[{"start":{"line":37,"column":10},"end":{"line":37,"column":18}},{"start":{"line":39,"column":10},"end":{"line":44,"column":12}}],"line":36},"2":{"loc":{"start":{"line":41,"column":24},"end":{"line":41,"column":75}},"type":"cond-expr","locations":[{"start":{"line":41,"column":41},"end":{"line":41,"column":69}},{"start":{"line":41,"column":72},"end":{"line":41,"column":75}}],"line":41}},"s":{"0":0,"1":0,"2":0,"3":0,"4":0,"5":0,"6":0,"7":0},"f":{"0":0,"1":0,"2":0,"3":0,"4":0},"b":{"0":[0,0],"1":[0,0],"2":[0,0]}}
,"/home/artem/mern/client/src/components/layout/index.js": {"path":"/home/artem/mern/client/src/components/layout/index.js","statementMap":{},"fnMap":{},"branchMap":{},"s":{},"f":{},"b":{}}
,"/home/artem/mern/client/src/components/layout/Header/index.jsx": {"path":"/home/artem/mern/client/src/components/layout/Header/index.jsx","statementMap":{"0":{"start":{"line":6,"column":15},"end":{"line":21,"column":1}},"1":{"start":{"line":7,"column":21},"end":{"line":7,"column":27}},"2":{"start":{"line":9,"column":2},"end":{"line":20,"column":4}}},"fnMap":{"0":{"name":"(anonymous_0)","decl":{"start":{"line":6,"column":15},"end":{"line":6,"column":16}},"loc":{"start":{"line":6,"column":21},"end":{"line":21,"column":1}},"line":6}},"branchMap":{},"s":{"0":0,"1":0,"2":0},"f":{"0":0},"b":{}}
,"/home/artem/mern/client/src/components/layout/Header/Auth/index.jsx": {"path":"/home/artem/mern/client/src/components/layout/Header/Auth/index.jsx","statementMap":{"0":{"start":{"line":6,"column":13},"end":{"line":27,"column":1}},"1":{"start":{"line":8,"column":4},"end":{"line":12,"column":11}},"2":{"start":{"line":15,"column":2},"end":{"line":26,"column":4}}},"fnMap":{"0":{"name":"(anonymous_0)","decl":{"start":{"line":6,"column":13},"end":{"line":6,"column":14}},"loc":{"start":{"line":6,"column":19},"end":{"line":27,"column":1}},"line":6}},"branchMap":{},"s":{"0":0,"1":0,"2":0},"f":{"0":0},"b":{}}
,"/home/artem/mern/client/src/components/layout/Header/Navigation/index.jsx": {"path":"/home/artem/mern/client/src/components/layout/Header/Navigation/index.jsx","statementMap":{"0":{"start":{"line":5,"column":19},"end":{"line":21,"column":1}},"1":{"start":{"line":6,"column":19},"end":{"line":6,"column":32}},"2":{"start":{"line":8,"column":2},"end":{"line":20,"column":4}}},"fnMap":{"0":{"name":"(anonymous_0)","decl":{"start":{"line":5,"column":19},"end":{"line":5,"column":20}},"loc":{"start":{"line":5,"column":25},"end":{"line":21,"column":1}},"line":5}},"branchMap":{},"s":{"0":0,"1":0,"2":0},"f":{"0":0},"b":{}}
,"/home/artem/mern/client/src/config/aliases.js": {"path":"/home/artem/mern/client/src/config/aliases.js","statementMap":{"0":{"start":{"line":1,"column":16},"end":{"line":10,"column":2}},"1":{"start":{"line":1,"column":37},"end":{"line":10,"column":1}},"2":{"start":{"line":12,"column":0},"end":{"line":12,"column":25}}},"fnMap":{"0":{"name":"(anonymous_0)","decl":{"start":{"line":1,"column":16},"end":{"line":1,"column":17}},"loc":{"start":{"line":1,"column":37},"end":{"line":10,"column":1}},"line":1}},"branchMap":{"0":{"loc":{"start":{"line":1,"column":17},"end":{"line":1,"column":31}},"type":"default-arg","locations":[{"start":{"line":1,"column":26},"end":{"line":1,"column":31}}],"line":1}},"s":{"0":0,"1":0,"2":0},"f":{"0":0},"b":{"0":[0]}}
,"/home/artem/mern/client/src/config/fetchConfig.js": {"path":"/home/artem/mern/client/src/config/fetchConfig.js","statementMap":{"0":{"start":{"line":3,"column":16},"end":{"line":15,"column":1}},"1":{"start":{"line":4,"column":2},"end":{"line":6,"column":3}},"2":{"start":{"line":5,"column":4},"end":{"line":5,"column":49}},"3":{"start":{"line":8,"column":2},"end":{"line":14,"column":3}},"4":{"start":{"line":9,"column":17},"end":{"line":9,"column":70}},"5":{"start":{"line":11,"column":4},"end":{"line":11,"column":16}},"6":{"start":{"line":13,"column":4},"end":{"line":13,"column":12}}},"fnMap":{"0":{"name":"(anonymous_0)","decl":{"start":{"line":3,"column":16},"end":{"line":3,"column":17}},"loc":{"start":{"line":3,"column":74},"end":{"line":15,"column":1}},"line":3}},"branchMap":{"0":{"loc":{"start":{"line":3,"column":28},"end":{"line":3,"column":42}},"type":"default-arg","locations":[{"start":{"line":3,"column":37},"end":{"line":3,"column":42}}],"line":3},"1":{"loc":{"start":{"line":3,"column":44},"end":{"line":3,"column":55}},"type":"default-arg","locations":[{"start":{"line":3,"column":51},"end":{"line":3,"column":55}}],"line":3},"2":{"loc":{"start":{"line":3,"column":57},"end":{"line":3,"column":69}},"type":"default-arg","locations":[{"start":{"line":3,"column":67},"end":{"line":3,"column":69}}],"line":3},"3":{"loc":{"start":{"line":4,"column":2},"end":{"line":6,"column":3}},"type":"if","locations":[{"start":{"line":4,"column":2},"end":{"line":6,"column":3}},{"start":{},"end":{}}],"line":4}},"s":{"0":5,"1":3,"2":3,"3":3,"4":3,"5":1,"6":2},"f":{"0":3},"b":{"0":[0],"1":[0],"2":[3],"3":[3,0]},"_coverageSchema":"1a1c01bbd47fc00a2c39e90264f33305004495a9","hash":"c97d3784d50c52dd01c8e17f254a2b33c63baccb"}
,"/home/artem/mern/client/src/config/history.js": {"path":"/home/artem/mern/client/src/config/history.js","statementMap":{},"fnMap":{},"branchMap":{},"s":{},"f":{},"b":{},"_coverageSchema":"1a1c01bbd47fc00a2c39e90264f33305004495a9","hash":"bffbb04f814412b22ea4896ba529ceb77f25733b"}
,"/home/artem/mern/client/src/hooks/useHttp.js": {"path":"/home/artem/mern/client/src/hooks/useHttp.js","statementMap":{"0":{"start":{"line":3,"column":23},"end":{"line":36,"column":1}},"1":{"start":{"line":4,"column":35},"end":{"line":4,"column":50}},"2":{"start":{"line":5,"column":28},"end":{"line":5,"column":42}},"3":{"start":{"line":7,"column":21},"end":{"line":7,"column":41}},"4":{"start":{"line":7,"column":27},"end":{"line":7,"column":41}},"5":{"start":{"line":9,"column":18},"end":{"line":33,"column":3}},"6":{"start":{"line":10,"column":4},"end":{"line":10,"column":23}},"7":{"start":{"line":12,"column":4},"end":{"line":15,"column":5}},"8":{"start":{"line":13,"column":6},"end":{"line":13,"column":34}},"9":{"start":{"line":14,"column":6},"end":{"line":14,"column":51}},"10":{"start":{"line":17,"column":4},"end":{"line":32,"column":5}},"11":{"start":{"line":18,"column":23},"end":{"line":18,"column":66}},"12":{"start":{"line":19,"column":19},"end":{"line":19,"column":40}},"13":{"start":{"line":21,"column":6},"end":{"line":23,"column":7}},"14":{"start":{"line":22,"column":8},"end":{"line":22,"column":64}},"15":{"start":{"line":25,"column":6},"end":{"line":25,"column":26}},"16":{"start":{"line":27,"column":6},"end":{"line":27,"column":18}},"17":{"start":{"line":29,"column":6},"end":{"line":29,"column":26}},"18":{"start":{"line":30,"column":6},"end":{"line":30,"column":26}},"19":{"start":{"line":31,"column":6},"end":{"line":31,"column":14}},"20":{"start":{"line":35,"column":2},"end":{"line":35,"column":50}}},"fnMap":{"0":{"name":"(anonymous_0)","decl":{"start":{"line":3,"column":23},"end":{"line":3,"column":24}},"loc":{"start":{"line":3,"column":29},"end":{"line":36,"column":1}},"line":3},"1":{"name":"(anonymous_1)","decl":{"start":{"line":7,"column":21},"end":{"line":7,"column":22}},"loc":{"start":{"line":7,"column":27},"end":{"line":7,"column":41}},"line":7},"2":{"name":"(anonymous_2)","decl":{"start":{"line":9,"column":18},"end":{"line":9,"column":19}},"loc":{"start":{"line":9,"column":76},"end":{"line":33,"column":3}},"line":9}},"branchMap":{"0":{"loc":{"start":{"line":9,"column":30},"end":{"line":9,"column":44}},"type":"default-arg","locations":[{"start":{"line":9,"column":39},"end":{"line":9,"column":44}}],"line":9},"1":{"loc":{"start":{"line":9,"column":46},"end":{"line":9,"column":57}},"type":"default-arg","locations":[{"start":{"line":9,"column":53},"end":{"line":9,"column":57}}],"line":9},"2":{"loc":{"start":{"line":9,"column":59},"end":{"line":9,"column":71}},"type":"default-arg","locations":[{"start":{"line":9,"column":69},"end":{"line":9,"column":71}}],"line":9},"3":{"loc":{"start":{"line":12,"column":4},"end":{"line":15,"column":5}},"type":"if","locations":[{"start":{"line":12,"column":4},"end":{"line":15,"column":5}},{"start":{},"end":{}}],"line":12},"4":{"loc":{"start":{"line":21,"column":6},"end":{"line":23,"column":7}},"type":"if","locations":[{"start":{"line":21,"column":6},"end":{"line":23,"column":7}},{"start":{},"end":{}}],"line":21},"5":{"loc":{"start":{"line":22,"column":24},"end":{"line":22,"column":62}},"type":"binary-expr","locations":[{"start":{"line":22,"column":24},"end":{"line":22,"column":36}},{"start":{"line":22,"column":40},"end":{"line":22,"column":62}}],"line":22}},"s":{"0":0,"1":0,"2":0,"3":0,"4":0,"5":0,"6":0,"7":0,"8":0,"9":0,"10":0,"11":0,"12":0,"13":0,"14":0,"15":0,"16":0,"17":0,"18":0,"19":0,"20":0},"f":{"0":0,"1":0,"2":0},"b":{"0":[0],"1":[0],"2":[0],"3":[0,0],"4":[0,0],"5":[0,0]}}
,"/home/artem/mern/client/src/modules/index.js": {"path":"/home/artem/mern/client/src/modules/index.js","statementMap":{},"fnMap":{},"branchMap":{},"s":{},"f":{},"b":{}}
,"/home/artem/mern/client/src/modules/Home/homeSlice.js": {"path":"/home/artem/mern/client/src/modules/Home/homeSlice.js","statementMap":{"0":{"start":{"line":3,"column":21},"end":{"line":5,"column":1}},"1":{"start":{"line":7,"column":25},"end":{"line":18,"column":2}},"2":{"start":{"line":12,"column":6},"end":{"line":12,"column":23}},"3":{"start":{"line":15,"column":6},"end":{"line":15,"column":23}},"4":{"start":{"line":20,"column":24},"end":{"line":20,"column":43}},"5":{"start":{"line":20,"column":33},"end":{"line":20,"column":43}},"6":{"start":{"line":22,"column":29},"end":{"line":22,"column":82}},"7":{"start":{"line":22,"column":70},"end":{"line":22,"column":81}},"8":{"start":{"line":24,"column":40},"end":{"line":24,"column":57}}},"fnMap":{"0":{"name":"(anonymous_0)","decl":{"start":{"line":11,"column":15},"end":{"line":11,"column":16}},"loc":{"start":{"line":11,"column":24},"end":{"line":13,"column":5}},"line":11},"1":{"name":"(anonymous_1)","decl":{"start":{"line":14,"column":15},"end":{"line":14,"column":16}},"loc":{"start":{"line":14,"column":24},"end":{"line":16,"column":5}},"line":14},"2":{"name":"(anonymous_2)","decl":{"start":{"line":20,"column":24},"end":{"line":20,"column":25}},"loc":{"start":{"line":20,"column":33},"end":{"line":20,"column":43}},"line":20},"3":{"name":"(anonymous_3)","decl":{"start":{"line":22,"column":61},"end":{"line":22,"column":62}},"loc":{"start":{"line":22,"column":70},"end":{"line":22,"column":81}},"line":22}},"branchMap":{},"s":{"0":5,"1":5,"2":1,"3":0,"4":5,"5":2,"6":5,"7":2,"8":5},"f":{"0":1,"1":0,"2":2,"3":2},"b":{},"_coverageSchema":"1a1c01bbd47fc00a2c39e90264f33305004495a9","hash":"c6b92dd4e1f9654b8f070e8feb57c087bf5eb45a"}
,"/home/artem/mern/client/src/modules/Home/index.jsx": {"path":"/home/artem/mern/client/src/modules/Home/index.jsx","statementMap":{"0":{"start":{"line":5,"column":13},"end":{"line":33,"column":1}},"1":{"start":{"line":6,"column":26},"end":{"line":6,"column":46}},"2":{"start":{"line":8,"column":25},"end":{"line":10,"column":3}},"3":{"start":{"line":9,"column":4},"end":{"line":9,"column":18}},"4":{"start":{"line":12,"column":2},"end":{"line":32,"column":4}}},"fnMap":{"0":{"name":"(anonymous_0)","decl":{"start":{"line":5,"column":13},"end":{"line":5,"column":14}},"loc":{"start":{"line":5,"column":19},"end":{"line":33,"column":1}},"line":5},"1":{"name":"(anonymous_1)","decl":{"start":{"line":8,"column":25},"end":{"line":8,"column":26}},"loc":{"start":{"line":8,"column":33},"end":{"line":10,"column":3}},"line":8}},"branchMap":{},"s":{"0":0,"1":0,"2":0,"3":0,"4":0},"f":{"0":0,"1":0},"b":{}}
,"/home/artem/mern/client/src/modules/Home/components/Test.jsx": {"path":"/home/artem/mern/client/src/modules/Home/components/Test.jsx","statementMap":{"0":{"start":{"line":5,"column":13},"end":{"line":18,"column":1}},"1":{"start":{"line":6,"column":19},"end":{"line":6,"column":32}},"2":{"start":{"line":7,"column":16},"end":{"line":7,"column":42}},"3":{"start":{"line":8,"column":22},"end":{"line":8,"column":49}},"4":{"start":{"line":8,"column":28},"end":{"line":8,"column":49}},"5":{"start":{"line":10,"column":2},"end":{"line":17,"column":4}}},"fnMap":{"0":{"name":"(anonymous_0)","decl":{"start":{"line":5,"column":13},"end":{"line":5,"column":14}},"loc":{"start":{"line":5,"column":19},"end":{"line":18,"column":1}},"line":5},"1":{"name":"(anonymous_1)","decl":{"start":{"line":8,"column":22},"end":{"line":8,"column":23}},"loc":{"start":{"line":8,"column":28},"end":{"line":8,"column":49}},"line":8}},"branchMap":{},"s":{"0":1,"1":3,"2":3,"3":3,"4":1,"5":3},"f":{"0":3,"1":1},"b":{},"_coverageSchema":"1a1c01bbd47fc00a2c39e90264f33305004495a9","hash":"6d0da8c64179d94fa32b964b9d4290f92f0aee14"}
,"/home/artem/mern/client/src/modules/Home/components/Calendar/index.jsx": {"path":"/home/artem/mern/client/src/modules/Home/components/Calendar/index.jsx","statementMap":{"0":{"start":{"line":6,"column":21},"end":{"line":6,"column":63}},"1":{"start":{"line":7,"column":19},"end":{"line":20,"column":1}},"2":{"start":{"line":22,"column":17},"end":{"line":82,"column":1}},"3":{"start":{"line":23,"column":53},"end":{"line":23,"column":58}},"4":{"start":{"line":25,"column":40},"end":{"line":25,"column":68}},"5":{"start":{"line":26,"column":42},"end":{"line":26,"column":86}},"6":{"start":{"line":27,"column":25},"end":{"line":27,"column":37}},"7":{"start":{"line":28,"column":24},"end":{"line":28,"column":36}},"8":{"start":{"line":30,"column":18},"end":{"line":32,"column":3}},"9":{"start":{"line":31,"column":4},"end":{"line":31,"column":37}},"10":{"start":{"line":34,"column":19},"end":{"line":36,"column":3}},"11":{"start":{"line":35,"column":4},"end":{"line":35,"column":34}},"12":{"start":{"line":38,"column":29},"end":{"line":41,"column":3}},"13":{"start":{"line":39,"column":17},"end":{"line":39,"column":84}},"14":{"start":{"line":40,"column":4},"end":{"line":40,"column":25}},"15":{"start":{"line":43,"column":35},"end":{"line":46,"column":3}},"16":{"start":{"line":44,"column":17},"end":{"line":44,"column":52}},"17":{"start":{"line":45,"column":4},"end":{"line":45,"column":25}},"18":{"start":{"line":48,"column":31},"end":{"line":51,"column":3}},"19":{"start":{"line":49,"column":17},"end":{"line":49,"column":52}},"20":{"start":{"line":50,"column":4},"end":{"line":50,"column":25}},"21":{"start":{"line":53,"column":26},"end":{"line":58,"column":3}},"22":{"start":{"line":54,"column":20},"end":{"line":54,"column":65}},"23":{"start":{"line":55,"column":4},"end":{"line":55,"column":28}},"24":{"start":{"line":56,"column":4},"end":{"line":56,"column":26}},"25":{"start":{"line":57,"column":4},"end":{"line":57,"column":19}},"26":{"start":{"line":60,"column":2},"end":{"line":81,"column":4}},"27":{"start":{"line":84,"column":0},"end":{"line":84,"column":29}},"28":{"start":{"line":85,"column":0},"end":{"line":85,"column":21}}},"fnMap":{"0":{"name":"(anonymous_0)","decl":{"start":{"line":22,"column":17},"end":{"line":22,"column":18}},"loc":{"start":{"line":22,"column":26},"end":{"line":82,"column":1}},"line":22},"1":{"name":"(anonymous_1)","decl":{"start":{"line":30,"column":18},"end":{"line":30,"column":19}},"loc":{"start":{"line":30,"column":24},"end":{"line":32,"column":3}},"line":30},"2":{"name":"(anonymous_2)","decl":{"start":{"line":34,"column":19},"end":{"line":34,"column":20}},"loc":{"start":{"line":34,"column":25},"end":{"line":36,"column":3}},"line":34},"3":{"name":"(anonymous_3)","decl":{"start":{"line":38,"column":29},"end":{"line":38,"column":30}},"loc":{"start":{"line":38,"column":35},"end":{"line":41,"column":3}},"line":38},"4":{"name":"(anonymous_4)","decl":{"start":{"line":43,"column":35},"end":{"line":43,"column":36}},"loc":{"start":{"line":43,"column":41},"end":{"line":46,"column":3}},"line":43},"5":{"name":"(anonymous_5)","decl":{"start":{"line":48,"column":31},"end":{"line":48,"column":32}},"loc":{"start":{"line":48,"column":37},"end":{"line":51,"column":3}},"line":48},"6":{"name":"(anonymous_6)","decl":{"start":{"line":53,"column":26},"end":{"line":53,"column":27}},"loc":{"start":{"line":53,"column":34},"end":{"line":58,"column":3}},"line":53}},"branchMap":{"0":{"loc":{"start":{"line":25,"column":49},"end":{"line":25,"column":67}},"type":"binary-expr","locations":[{"start":{"line":25,"column":49},"end":{"line":25,"column":53}},{"start":{"line":25,"column":57},"end":{"line":25,"column":67}}],"line":25},"1":{"loc":{"start":{"line":26,"column":51},"end":{"line":26,"column":85}},"type":"binary-expr","locations":[{"start":{"line":26,"column":51},"end":{"line":26,"column":63}},{"start":{"line":26,"column":67},"end":{"line":26,"column":71}},{"start":{"line":26,"column":75},"end":{"line":26,"column":85}}],"line":26}},"s":{"0":0,"1":0,"2":0,"3":0,"4":0,"5":0,"6":0,"7":0,"8":0,"9":0,"10":0,"11":0,"12":0,"13":0,"14":0,"15":0,"16":0,"17":0,"18":0,"19":0,"20":0,"21":0,"22":0,"23":0,"24":0,"25":0,"26":0,"27":0,"28":0},"f":{"0":0,"1":0,"2":0,"3":0,"4":0,"5":0,"6":0},"b":{"0":[0,0],"1":[0,0,0]}}
,"/home/artem/mern/client/src/modules/Home/components/Calendar/useCalendarContext.js": {"path":"/home/artem/mern/client/src/modules/Home/components/Calendar/useCalendarContext.js","statementMap":{"0":{"start":{"line":3,"column":24},"end":{"line":3,"column":54}},"1":{"start":{"line":6,"column":2},"end":{"line":6,"column":87}},"2":{"start":{"line":10,"column":18},"end":{"line":10,"column":51}},"3":{"start":{"line":11,"column":2},"end":{"line":13,"column":3}},"4":{"start":{"line":12,"column":4},"end":{"line":12,"column":81}},"5":{"start":{"line":14,"column":2},"end":{"line":14,"column":17}}},"fnMap":{"0":{"name":"CalendarProvider","decl":{"start":{"line":5,"column":9},"end":{"line":5,"column":25}},"loc":{"start":{"line":5,"column":47},"end":{"line":7,"column":1}},"line":5},"1":{"name":"useCalendarContext","decl":{"start":{"line":9,"column":9},"end":{"line":9,"column":27}},"loc":{"start":{"line":9,"column":30},"end":{"line":15,"column":1}},"line":9}},"branchMap":{"0":{"loc":{"start":{"line":11,"column":2},"end":{"line":13,"column":3}},"type":"if","locations":[{"start":{"line":11,"column":2},"end":{"line":13,"column":3}},{"start":{},"end":{}}],"line":11}},"s":{"0":0,"1":0,"2":0,"3":0,"4":0,"5":0},"f":{"0":0,"1":0},"b":{"0":[0,0]}}
,"/home/artem/mern/client/src/modules/Home/components/Calendar/utils.js": {"path":"/home/artem/mern/client/src/modules/Home/components/Calendar/utils.js","statementMap":{"0":{"start":{"line":1,"column":21},"end":{"line":1,"column":22}},"1":{"start":{"line":2,"column":22},"end":{"line":2,"column":23}},"2":{"start":{"line":4,"column":28},"end":{"line":26,"column":1}},"3":{"start":{"line":5,"column":17},"end":{"line":5,"column":19}},"4":{"start":{"line":6,"column":15},"end":{"line":6,"column":36}},"5":{"start":{"line":7,"column":23},"end":{"line":7,"column":36}},"6":{"start":{"line":8,"column":26},"end":{"line":8,"column":60}},"7":{"start":{"line":10,"column":24},"end":{"line":10,"column":25}},"8":{"start":{"line":11,"column":21},"end":{"line":11,"column":22}},"9":{"start":{"line":13,"column":2},"end":{"line":23,"column":3}},"10":{"start":{"line":13,"column":15},"end":{"line":13,"column":16}},"11":{"start":{"line":14,"column":4},"end":{"line":14,"column":19}},"12":{"start":{"line":16,"column":4},"end":{"line":22,"column":5}},"13":{"start":{"line":16,"column":17},"end":{"line":16,"column":18}},"14":{"start":{"line":17,"column":6},"end":{"line":21,"column":7}},"15":{"start":{"line":18,"column":8},"end":{"line":18,"column":98}},"16":{"start":{"line":20,"column":8},"end":{"line":20,"column":64}},"17":{"start":{"line":25,"column":2},"end":{"line":25,"column":16}},"18":{"start":{"line":28,"column":29},"end":{"line":34,"column":1}},"19":{"start":{"line":29,"column":2},"end":{"line":31,"column":3}},"20":{"start":{"line":30,"column":4},"end":{"line":30,"column":17}},"21":{"start":{"line":33,"column":2},"end":{"line":33,"column":109}}},"fnMap":{"0":{"name":"(anonymous_0)","decl":{"start":{"line":4,"column":28},"end":{"line":4,"column":29}},"loc":{"start":{"line":4,"column":45},"end":{"line":26,"column":1}},"line":4},"1":{"name":"(anonymous_1)","decl":{"start":{"line":28,"column":29},"end":{"line":28,"column":30}},"loc":{"start":{"line":28,"column":39},"end":{"line":34,"column":1}},"line":28}},"branchMap":{"0":{"loc":{"start":{"line":17,"column":6},"end":{"line":21,"column":7}},"type":"if","locations":[{"start":{"line":17,"column":6},"end":{"line":21,"column":7}},{"start":{"line":19,"column":13},"end":{"line":21,"column":7}}],"line":17},"1":{"loc":{"start":{"line":17,"column":10},"end":{"line":17,"column":37}},"type":"binary-expr","locations":[{"start":{"line":17,"column":10},"end":{"line":17,"column":17}},{"start":{"line":17,"column":21},"end":{"line":17,"column":37}}],"line":17},"2":{"loc":{"start":{"line":29,"column":2},"end":{"line":31,"column":3}},"type":"if","locations":[{"start":{"line":29,"column":2},"end":{"line":31,"column":3}},{"start":{},"end":{}}],"line":29},"3":{"loc":{"start":{"line":29,"column":6},"end":{"line":29,"column":14}},"type":"binary-expr","locations":[{"start":{"line":29,"column":6},"end":{"line":29,"column":8}},{"start":{"line":29,"column":12},"end":{"line":29,"column":14}}],"line":29},"4":{"loc":{"start":{"line":33,"column":9},"end":{"line":33,"column":108}},"type":"binary-expr","locations":[{"start":{"line":33,"column":9},"end":{"line":33,"column":44}},{"start":{"line":33,"column":48},"end":{"line":33,"column":77}},{"start":{"line":33,"column":81},"end":{"line":33,"column":108}}],"line":33}},"s":{"0":0,"1":0,"2":0,"3":0,"4":0,"5":0,"6":0,"7":0,"8":0,"9":0,"10":0,"11":0,"12":0,"13":0,"14":0,"15":0,"16":0,"17":0,"18":0,"19":0,"20":0,"21":0},"f":{"0":0,"1":0},"b":{"0":[0,0],"1":[0,0],"2":[0,0],"3":[0,0],"4":[0,0,0]}}
,"/home/artem/mern/client/src/modules/Home/components/Calendar/components/Body.jsx": {"path":"/home/artem/mern/client/src/modules/Home/components/Calendar/components/Body.jsx","statementMap":{"0":{"start":{"line":5,"column":13},"end":{"line":41,"column":1}},"1":{"start":{"line":6,"column":90},"end":{"line":6,"column":110}},"2":{"start":{"line":7,"column":20},"end":{"line":7,"column":61}},"3":{"start":{"line":9,"column":2},"end":{"line":40,"column":4}},"4":{"start":{"line":14,"column":12},"end":{"line":14,"column":38}},"5":{"start":{"line":20,"column":10},"end":{"line":36,"column":15}},"6":{"start":{"line":22,"column":14},"end":{"line":34,"column":15}},"7":{"start":{"line":28,"column":33},"end":{"line":28,"column":54}}},"fnMap":{"0":{"name":"(anonymous_0)","decl":{"start":{"line":5,"column":13},"end":{"line":5,"column":14}},"loc":{"start":{"line":5,"column":19},"end":{"line":41,"column":1}},"line":5},"1":{"name":"(anonymous_1)","decl":{"start":{"line":13,"column":28},"end":{"line":13,"column":29}},"loc":{"start":{"line":14,"column":12},"end":{"line":14,"column":38}},"line":14},"2":{"name":"(anonymous_2)","decl":{"start":{"line":19,"column":23},"end":{"line":19,"column":24}},"loc":{"start":{"line":20,"column":10},"end":{"line":36,"column":15}},"line":20},"3":{"name":"(anonymous_3)","decl":{"start":{"line":21,"column":22},"end":{"line":21,"column":23}},"loc":{"start":{"line":22,"column":14},"end":{"line":34,"column":15}},"line":22},"4":{"name":"(anonymous_4)","decl":{"start":{"line":28,"column":27},"end":{"line":28,"column":28}},"loc":{"start":{"line":28,"column":33},"end":{"line":28,"column":54}},"line":28}},"branchMap":{"0":{"loc":{"start":{"line":22,"column":14},"end":{"line":34,"column":15}},"type":"cond-expr","locations":[{"start":{"line":23,"column":16},"end":{"line":31,"column":21}},{"start":{"line":33,"column":16},"end":{"line":33,"column":34}}],"line":22},"1":{"loc":{"start":{"line":25,"column":36},"end":{"line":25,"column":88}},"type":"cond-expr","locations":[{"start":{"line":25,"column":76},"end":{"line":25,"column":83}},{"start":{"line":25,"column":86},"end":{"line":25,"column":88}}],"line":25},"2":{"loc":{"start":{"line":26,"column":20},"end":{"line":26,"column":77}},"type":"cond-expr","locations":[{"start":{"line":26,"column":62},"end":{"line":26,"column":72}},{"start":{"line":26,"column":75},"end":{"line":26,"column":77}}],"line":26},"3":{"loc":{"start":{"line":27,"column":22},"end":{"line":27,"column":79}},"type":"cond-expr","locations":[{"start":{"line":27,"column":67},"end":{"line":27,"column":74}},{"start":{"line":27,"column":77},"end":{"line":27,"column":79}}],"line":27}},"s":{"0":0,"1":0,"2":0,"3":0,"4":0,"5":0,"6":0,"7":0},"f":{"0":0,"1":0,"2":0,"3":0,"4":0},"b":{"0":[0,0],"1":[0,0],"2":[0,0],"3":[0,0]}}
,"/home/artem/mern/client/src/modules/Home/components/Calendar/components/Controls.jsx": {"path":"/home/artem/mern/client/src/modules/Home/components/Calendar/components/Controls.jsx","statementMap":{"0":{"start":{"line":8,"column":17},"end":{"line":12,"column":1}},"1":{"start":{"line":9,"column":35},"end":{"line":9,"column":55}},"2":{"start":{"line":11,"column":2},"end":{"line":11,"column":97}},"3":{"start":{"line":14,"column":0},"end":{"line":14,"column":33}},"4":{"start":{"line":15,"column":0},"end":{"line":15,"column":27}},"5":{"start":{"line":16,"column":0},"end":{"line":16,"column":21}},"6":{"start":{"line":17,"column":0},"end":{"line":17,"column":21}}},"fnMap":{"0":{"name":"(anonymous_0)","decl":{"start":{"line":8,"column":17},"end":{"line":8,"column":18}},"loc":{"start":{"line":8,"column":43},"end":{"line":12,"column":1}},"line":8}},"branchMap":{"0":{"loc":{"start":{"line":11,"column":45},"end":{"line":11,"column":89}},"type":"binary-expr","locations":[{"start":{"line":11,"column":45},"end":{"line":11,"column":53}},{"start":{"line":11,"column":57},"end":{"line":11,"column":89}}],"line":11}},"s":{"0":0,"1":0,"2":0,"3":0,"4":0,"5":0,"6":0},"f":{"0":0},"b":{"0":[0,0]}}
,"/home/artem/mern/client/src/modules/Home/components/Calendar/components/DateString.jsx": {"path":"/home/artem/mern/client/src/modules/Home/components/Calendar/components/DateString.jsx","statementMap":{"0":{"start":{"line":4,"column":19},"end":{"line":8,"column":1}},"1":{"start":{"line":5,"column":44},"end":{"line":5,"column":64}},"2":{"start":{"line":7,"column":2},"end":{"line":7,"column":63}}},"fnMap":{"0":{"name":"(anonymous_0)","decl":{"start":{"line":4,"column":19},"end":{"line":4,"column":20}},"loc":{"start":{"line":4,"column":25},"end":{"line":8,"column":1}},"line":4}},"branchMap":{},"s":{"0":0,"1":0,"2":0},"f":{"0":0},"b":{}}
,"/home/artem/mern/client/src/modules/Home/components/Calendar/components/Next.jsx": {"path":"/home/artem/mern/client/src/modules/Home/components/Calendar/components/Next.jsx","statementMap":{"0":{"start":{"line":4,"column":13},"end":{"line":8,"column":1}},"1":{"start":{"line":5,"column":35},"end":{"line":5,"column":55}},"2":{"start":{"line":7,"column":2},"end":{"line":7,"column":62}}},"fnMap":{"0":{"name":"(anonymous_0)","decl":{"start":{"line":4,"column":13},"end":{"line":4,"column":14}},"loc":{"start":{"line":4,"column":19},"end":{"line":8,"column":1}},"line":4}},"branchMap":{},"s":{"0":0,"1":0,"2":0},"f":{"0":0},"b":{}}
,"/home/artem/mern/client/src/modules/Home/components/Calendar/components/Prev.jsx": {"path":"/home/artem/mern/client/src/modules/Home/components/Calendar/components/Prev.jsx","statementMap":{"0":{"start":{"line":4,"column":13},"end":{"line":8,"column":1}},"1":{"start":{"line":5,"column":39},"end":{"line":5,"column":59}},"2":{"start":{"line":7,"column":2},"end":{"line":7,"column":66}}},"fnMap":{"0":{"name":"(anonymous_0)","decl":{"start":{"line":4,"column":13},"end":{"line":4,"column":14}},"loc":{"start":{"line":4,"column":19},"end":{"line":8,"column":1}},"line":4}},"branchMap":{},"s":{"0":0,"1":0,"2":0},"f":{"0":0},"b":{}}
,"/home/artem/mern/client/src/modules/Home/components/Calendar/components/Selects.jsx": {"path":"/home/artem/mern/client/src/modules/Home/components/Calendar/components/Selects.jsx","statementMap":{"0":{"start":{"line":4,"column":16},"end":{"line":27,"column":1}},"1":{"start":{"line":5,"column":95},"end":{"line":5,"column":115}},"2":{"start":{"line":7,"column":16},"end":{"line":7,"column":64}},"3":{"start":{"line":9,"column":2},"end":{"line":26,"column":4}},"4":{"start":{"line":13,"column":10},"end":{"line":15,"column":19}},"5":{"start":{"line":20,"column":10},"end":{"line":22,"column":19}}},"fnMap":{"0":{"name":"(anonymous_0)","decl":{"start":{"line":4,"column":16},"end":{"line":4,"column":17}},"loc":{"start":{"line":4,"column":22},"end":{"line":27,"column":1}},"line":4},"1":{"name":"(anonymous_1)","decl":{"start":{"line":12,"column":24},"end":{"line":12,"column":25}},"loc":{"start":{"line":13,"column":10},"end":{"line":15,"column":19}},"line":13},"2":{"name":"(anonymous_2)","decl":{"start":{"line":19,"column":19},"end":{"line":19,"column":20}},"loc":{"start":{"line":20,"column":10},"end":{"line":22,"column":19}},"line":20}},"branchMap":{},"s":{"0":0,"1":0,"2":0,"3":0,"4":0,"5":0},"f":{"0":0,"1":0,"2":0},"b":{}}
,"/home/artem/mern/client/src/modules/Home/components/Calendar/components/index.jsx": {"path":"/home/artem/mern/client/src/modules/Home/components/Calendar/components/index.jsx","statementMap":{},"fnMap":{},"branchMap":{},"s":{},"f":{},"b":{}}
,"/home/artem/mern/client/src/modules/Hooks/index.jsx": {"path":"/home/artem/mern/client/src/modules/Hooks/index.jsx","statementMap":{"0":{"start":{"line":6,"column":14},"end":{"line":32,"column":1}},"1":{"start":{"line":7,"column":28},"end":{"line":7,"column":39}},"2":{"start":{"line":8,"column":30},"end":{"line":8,"column":45}},"3":{"start":{"line":10,"column":17},"end":{"line":12,"column":3}},"4":{"start":{"line":14,"column":2},"end":{"line":31,"column":4}},"5":{"start":{"line":18,"column":29},"end":{"line":18,"column":55}},"6":{"start":{"line":18,"column":46},"end":{"line":18,"column":54}},"7":{"start":{"line":19,"column":29},"end":{"line":19,"column":52}},"8":{"start":{"line":19,"column":46},"end":{"line":19,"column":51}},"9":{"start":{"line":22,"column":10},"end":{"line":22,"column":40}},"10":{"start":{"line":27,"column":10},"end":{"line":27,"column":41}}},"fnMap":{"0":{"name":"(anonymous_0)","decl":{"start":{"line":6,"column":14},"end":{"line":6,"column":15}},"loc":{"start":{"line":6,"column":20},"end":{"line":32,"column":1}},"line":6},"1":{"name":"(anonymous_1)","decl":{"start":{"line":18,"column":23},"end":{"line":18,"column":24}},"loc":{"start":{"line":18,"column":29},"end":{"line":18,"column":55}},"line":18},"2":{"name":"(anonymous_2)","decl":{"start":{"line":18,"column":38},"end":{"line":18,"column":39}},"loc":{"start":{"line":18,"column":46},"end":{"line":18,"column":54}},"line":18},"3":{"name":"(anonymous_3)","decl":{"start":{"line":19,"column":23},"end":{"line":19,"column":24}},"loc":{"start":{"line":19,"column":29},"end":{"line":19,"column":52}},"line":19},"4":{"name":"(anonymous_4)","decl":{"start":{"line":19,"column":38},"end":{"line":19,"column":39}},"loc":{"start":{"line":19,"column":46},"end":{"line":19,"column":51}},"line":19},"5":{"name":"(anonymous_5)","decl":{"start":{"line":21,"column":9},"end":{"line":21,"column":10}},"loc":{"start":{"line":21,"column":24},"end":{"line":23,"column":9}},"line":21},"6":{"name":"(anonymous_6)","decl":{"start":{"line":26,"column":9},"end":{"line":26,"column":10}},"loc":{"start":{"line":26,"column":24},"end":{"line":28,"column":9}},"line":26}},"branchMap":{"0":{"loc":{"start":{"line":11,"column":11},"end":{"line":11,"column":36}},"type":"cond-expr","locations":[{"start":{"line":11,"column":21},"end":{"line":11,"column":26}},{"start":{"line":11,"column":29},"end":{"line":11,"column":36}}],"line":11}},"s":{"0":0,"1":0,"2":0,"3":0,"4":0,"5":0,"6":0,"7":0,"8":0,"9":0,"10":0},"f":{"0":0,"1":0,"2":0,"3":0,"4":0,"5":0,"6":0},"b":{"0":[0,0]}}
,"/home/artem/mern/client/src/modules/Hooks/serviseAPI.js": {"path":"/home/artem/mern/client/src/modules/Hooks/serviseAPI.js","statementMap":{"0":{"start":{"line":1,"column":28},"end":{"line":7,"column":1}},"1":{"start":{"line":2,"column":2},"end":{"line":6,"column":3}},"2":{"start":{"line":3,"column":4},"end":{"line":3,"column":65}},"3":{"start":{"line":5,"column":4},"end":{"line":5,"column":25}},"4":{"start":{"line":9,"column":27},"end":{"line":15,"column":1}},"5":{"start":{"line":10,"column":2},"end":{"line":14,"column":3}},"6":{"start":{"line":11,"column":4},"end":{"line":11,"column":64}},"7":{"start":{"line":13,"column":4},"end":{"line":13,"column":25}}},"fnMap":{"0":{"name":"(anonymous_0)","decl":{"start":{"line":1,"column":28},"end":{"line":1,"column":29}},"loc":{"start":{"line":1,"column":40},"end":{"line":7,"column":1}},"line":1},"1":{"name":"(anonymous_1)","decl":{"start":{"line":9,"column":27},"end":{"line":9,"column":28}},"loc":{"start":{"line":9,"column":39},"end":{"line":15,"column":1}},"line":9}},"branchMap":{},"s":{"0":0,"1":0,"2":0,"3":0,"4":0,"5":0,"6":0,"7":0},"f":{"0":0,"1":0},"b":{}}
,"/home/artem/mern/client/src/modules/Hooks/components/CharacterMovieList.jsx": {"path":"/home/artem/mern/client/src/modules/Hooks/components/CharacterMovieList.jsx","statementMap":{"0":{"start":{"line":4,"column":27},"end":{"line":14,"column":1}},"1":{"start":{"line":5,"column":33},"end":{"line":5,"column":51}},"2":{"start":{"line":7,"column":2},"end":{"line":13,"column":4}}},"fnMap":{"0":{"name":"(anonymous_0)","decl":{"start":{"line":4,"column":27},"end":{"line":4,"column":28}},"loc":{"start":{"line":4,"column":36},"end":{"line":14,"column":1}},"line":4}},"branchMap":{},"s":{"0":0,"1":0,"2":0},"f":{"0":0},"b":{}}
,"/home/artem/mern/client/src/modules/Hooks/components/List.jsx": {"path":"/home/artem/mern/client/src/modules/Hooks/components/List.jsx","statementMap":{"0":{"start":{"line":3,"column":13},"end":{"line":20,"column":1}},"1":{"start":{"line":4,"column":2},"end":{"line":19,"column":4}},"2":{"start":{"line":7,"column":8},"end":{"line":16,"column":10}},"3":{"start":{"line":12,"column":16},"end":{"line":12,"column":52}}},"fnMap":{"0":{"name":"(anonymous_0)","decl":{"start":{"line":3,"column":13},"end":{"line":3,"column":14}},"loc":{"start":{"line":3,"column":28},"end":{"line":20,"column":1}},"line":3},"1":{"name":"(anonymous_1)","decl":{"start":{"line":6,"column":17},"end":{"line":6,"column":18}},"loc":{"start":{"line":6,"column":25},"end":{"line":17,"column":7}},"line":6},"2":{"name":"(anonymous_2)","decl":{"start":{"line":11,"column":30},"end":{"line":11,"column":31}},"loc":{"start":{"line":12,"column":16},"end":{"line":12,"column":52}},"line":12}},"branchMap":{},"s":{"0":0,"1":0,"2":0,"3":0},"f":{"0":0,"1":0,"2":0},"b":{}}
,"/home/artem/mern/client/src/modules/Hooks/components/Table.jsx": {"path":"/home/artem/mern/client/src/modules/Hooks/components/Table.jsx","statementMap":{"0":{"start":{"line":3,"column":14},"end":{"line":32,"column":1}},"1":{"start":{"line":4,"column":2},"end":{"line":31,"column":4}},"2":{"start":{"line":14,"column":10},"end":{"line":27,"column":15}},"3":{"start":{"line":20,"column":20},"end":{"line":22,"column":25}}},"fnMap":{"0":{"name":"(anonymous_0)","decl":{"start":{"line":3,"column":14},"end":{"line":3,"column":15}},"loc":{"start":{"line":3,"column":29},"end":{"line":32,"column":1}},"line":3},"1":{"name":"(anonymous_1)","decl":{"start":{"line":13,"column":19},"end":{"line":13,"column":20}},"loc":{"start":{"line":14,"column":10},"end":{"line":27,"column":15}},"line":14},"2":{"name":"(anonymous_2)","decl":{"start":{"line":19,"column":34},"end":{"line":19,"column":35}},"loc":{"start":{"line":20,"column":20},"end":{"line":22,"column":25}},"line":20}},"branchMap":{},"s":{"0":0,"1":0,"2":0,"3":0},"f":{"0":0,"1":0,"2":0},"b":{}}
,"/home/artem/mern/client/src/modules/Hooks/components/hooks/useFetchData.js": {"path":"/home/artem/mern/client/src/modules/Hooks/components/hooks/useFetchData.js","statementMap":{"0":{"start":{"line":4,"column":21},"end":{"line":21,"column":1}},"1":{"start":{"line":5,"column":26},"end":{"line":5,"column":69}},"2":{"start":{"line":7,"column":20},"end":{"line":14,"column":3}},"3":{"start":{"line":8,"column":23},"end":{"line":8,"column":59}},"4":{"start":{"line":9,"column":22},"end":{"line":9,"column":57}},"5":{"start":{"line":11,"column":17},"end":{"line":11,"column":42}},"6":{"start":{"line":13,"column":4},"end":{"line":13,"column":18}},"7":{"start":{"line":16,"column":2},"end":{"line":18,"column":9}},"8":{"start":{"line":17,"column":4},"end":{"line":17,"column":16}},"9":{"start":{"line":20,"column":2},"end":{"line":20,"column":18}}},"fnMap":{"0":{"name":"(anonymous_0)","decl":{"start":{"line":4,"column":21},"end":{"line":4,"column":22}},"loc":{"start":{"line":4,"column":27},"end":{"line":21,"column":1}},"line":4},"1":{"name":"(anonymous_1)","decl":{"start":{"line":7,"column":20},"end":{"line":7,"column":21}},"loc":{"start":{"line":7,"column":32},"end":{"line":14,"column":3}},"line":7},"2":{"name":"(anonymous_2)","decl":{"start":{"line":16,"column":12},"end":{"line":16,"column":13}},"loc":{"start":{"line":16,"column":18},"end":{"line":18,"column":3}},"line":16}},"branchMap":{"0":{"loc":{"start":{"line":8,"column":23},"end":{"line":8,"column":59}},"type":"binary-expr","locations":[{"start":{"line":8,"column":23},"end":{"line":8,"column":53}},{"start":{"line":8,"column":57},"end":{"line":8,"column":59}}],"line":8},"1":{"loc":{"start":{"line":9,"column":22},"end":{"line":9,"column":57}},"type":"binary-expr","locations":[{"start":{"line":9,"column":22},"end":{"line":9,"column":51}},{"start":{"line":9,"column":55},"end":{"line":9,"column":57}}],"line":9}},"s":{"0":0,"1":0,"2":0,"3":0,"4":0,"5":0,"6":0,"7":0,"8":0,"9":0},"f":{"0":0,"1":0,"2":0},"b":{"0":[0,0],"1":[0,0]}}
,"/home/artem/mern/client/src/modules/Hooks/components/hooks/useGetRemoteData.js": {"path":"/home/artem/mern/client/src/modules/Hooks/components/hooks/useGetRemoteData.js","statementMap":{"0":{"start":{"line":4,"column":25},"end":{"line":24,"column":1}},"1":{"start":{"line":5,"column":19},"end":{"line":5,"column":33}},"2":{"start":{"line":6,"column":54},"end":{"line":6,"column":66}},"3":{"start":{"line":8,"column":2},"end":{"line":21,"column":13}},"4":{"start":{"line":9,"column":17},"end":{"line":18,"column":6}},"5":{"start":{"line":10,"column":6},"end":{"line":17,"column":8}},"6":{"start":{"line":14,"column":12},"end":{"line":14,"column":69}},"7":{"start":{"line":14,"column":47},"end":{"line":14,"column":67}},"8":{"start":{"line":16,"column":24},"end":{"line":16,"column":60}},"9":{"start":{"line":20,"column":4},"end":{"line":20,"column":32}},"10":{"start":{"line":23,"column":2},"end":{"line":23,"column":32}}},"fnMap":{"0":{"name":"(anonymous_0)","decl":{"start":{"line":4,"column":25},"end":{"line":4,"column":26}},"loc":{"start":{"line":4,"column":31},"end":{"line":24,"column":1}},"line":4},"1":{"name":"(anonymous_1)","decl":{"start":{"line":8,"column":12},"end":{"line":8,"column":13}},"loc":{"start":{"line":8,"column":18},"end":{"line":21,"column":3}},"line":8},"2":{"name":"(anonymous_2)","decl":{"start":{"line":9,"column":37},"end":{"line":9,"column":38}},"loc":{"start":{"line":9,"column":50},"end":{"line":18,"column":5}},"line":9},"3":{"name":"(anonymous_3)","decl":{"start":{"line":13,"column":15},"end":{"line":13,"column":16}},"loc":{"start":{"line":13,"column":26},"end":{"line":15,"column":11}},"line":13},"4":{"name":"(anonymous_4)","decl":{"start":{"line":14,"column":39},"end":{"line":14,"column":40}},"loc":{"start":{"line":14,"column":47},"end":{"line":14,"column":67}},"line":14},"5":{"name":"(anonymous_5)","decl":{"start":{"line":16,"column":15},"end":{"line":16,"column":16}},"loc":{"start":{"line":16,"column":24},"end":{"line":16,"column":60}},"line":16}},"branchMap":{},"s":{"0":0,"1":0,"2":0,"3":0,"4":0,"5":0,"6":0,"7":0,"8":0,"9":0,"10":0},"f":{"0":0,"1":0,"2":0,"3":0,"4":0,"5":0},"b":{}}
,"/home/artem/mern/client/src/modules/Login/LoginForm/Login.form.jsx": {"path":"/home/artem/mern/client/src/modules/Login/LoginForm/Login.form.jsx","statementMap":{"0":{"start":{"line":5,"column":18},"end":{"line":59,"column":1}},"1":{"start":{"line":6,"column":17},"end":{"line":6,"column":31}},"2":{"start":{"line":8,"column":19},"end":{"line":10,"column":3}},"3":{"start":{"line":9,"column":4},"end":{"line":9,"column":21}},"4":{"start":{"line":12,"column":2},"end":{"line":58,"column":4}}},"fnMap":{"0":{"name":"(anonymous_0)","decl":{"start":{"line":5,"column":18},"end":{"line":5,"column":19}},"loc":{"start":{"line":5,"column":47},"end":{"line":59,"column":1}},"line":5},"1":{"name":"(anonymous_1)","decl":{"start":{"line":8,"column":19},"end":{"line":8,"column":20}},"loc":{"start":{"line":8,"column":29},"end":{"line":10,"column":3}},"line":8}},"branchMap":{},"s":{"0":2,"1":16,"2":16,"3":4,"4":16},"f":{"0":16,"1":4},"b":{},"_coverageSchema":"1a1c01bbd47fc00a2c39e90264f33305004495a9","hash":"e986b9694a6c3fbc6819c2d26c74d3d4158f0f06"}
,"/home/artem/mern/client/src/modules/Login/LoginPage/Login.page.jsx": {"path":"/home/artem/mern/client/src/modules/Login/LoginPage/Login.page.jsx","statementMap":{"0":{"start":{"line":8,"column":18},"end":{"line":35,"column":1}},"1":{"start":{"line":9,"column":20},"end":{"line":9,"column":30}},"2":{"start":{"line":10,"column":19},"end":{"line":10,"column":32}},"3":{"start":{"line":11,"column":15},"end":{"line":11,"column":40}},"4":{"start":{"line":12,"column":23},"end":{"line":14,"column":3}},"5":{"start":{"line":13,"column":4},"end":{"line":13,"column":72}},"6":{"start":{"line":16,"column":2},"end":{"line":34,"column":4}}},"fnMap":{"0":{"name":"(anonymous_0)","decl":{"start":{"line":8,"column":18},"end":{"line":8,"column":19}},"loc":{"start":{"line":8,"column":24},"end":{"line":35,"column":1}},"line":8},"1":{"name":"(anonymous_1)","decl":{"start":{"line":12,"column":23},"end":{"line":12,"column":24}},"loc":{"start":{"line":12,"column":33},"end":{"line":14,"column":3}},"line":12}},"branchMap":{"0":{"loc":{"start":{"line":30,"column":11},"end":{"line":30,"column":105}},"type":"binary-expr","locations":[{"start":{"line":30,"column":11},"end":{"line":30,"column":21}},{"start":{"line":30,"column":25},"end":{"line":30,"column":105}}],"line":30}},"s":{"0":1,"1":9,"2":9,"3":9,"4":9,"5":3,"6":9},"f":{"0":9,"1":3},"b":{"0":[9,2]},"_coverageSchema":"1a1c01bbd47fc00a2c39e90264f33305004495a9","hash":"15d11b9f80f6c98cd8036fa0069c9c246db6a16e"}
,"/home/artem/mern/client/src/modules/Registration/RegistrationForm/Registration.form.jsx": {"path":"/home/artem/mern/client/src/modules/Registration/RegistrationForm/Registration.form.jsx","statementMap":{"0":{"start":{"line":5,"column":25},"end":{"line":84,"column":2}},"1":{"start":{"line":6,"column":17},"end":{"line":6,"column":31}},"2":{"start":{"line":8,"column":19},"end":{"line":10,"column":3}},"3":{"start":{"line":9,"column":4},"end":{"line":9,"column":21}},"4":{"start":{"line":12,"column":2},"end":{"line":83,"column":4}},"5":{"start":{"line":64,"column":34},"end":{"line":71,"column":11}},"6":{"start":{"line":66,"column":14},"end":{"line":68,"column":15}},"7":{"start":{"line":67,"column":16},"end":{"line":67,"column":41}},"8":{"start":{"line":69,"column":14},"end":{"line":69,"column":99}}},"fnMap":{"0":{"name":"(anonymous_0)","decl":{"start":{"line":5,"column":36},"end":{"line":5,"column":37}},"loc":{"start":{"line":5,"column":70},"end":{"line":84,"column":1}},"line":5},"1":{"name":"(anonymous_1)","decl":{"start":{"line":8,"column":19},"end":{"line":8,"column":20}},"loc":{"start":{"line":8,"column":29},"end":{"line":10,"column":3}},"line":8},"2":{"name":"(anonymous_2)","decl":{"start":{"line":64,"column":10},"end":{"line":64,"column":11}},"loc":{"start":{"line":64,"column":34},"end":{"line":71,"column":11}},"line":64},"3":{"name":"(anonymous_3)","decl":{"start":{"line":65,"column":12},"end":{"line":65,"column":13}},"loc":{"start":{"line":65,"column":32},"end":{"line":70,"column":13}},"line":65}},"branchMap":{"0":{"loc":{"start":{"line":66,"column":14},"end":{"line":68,"column":15}},"type":"if","locations":[{"start":{"line":66,"column":14},"end":{"line":68,"column":15}},{"start":{},"end":{}}],"line":66},"1":{"loc":{"start":{"line":66,"column":18},"end":{"line":66,"column":63}},"type":"binary-expr","locations":[{"start":{"line":66,"column":18},"end":{"line":66,"column":24}},{"start":{"line":66,"column":28},"end":{"line":66,"column":63}}],"line":66}},"s":{"0":2,"1":15,"2":15,"3":1,"4":15,"5":37,"6":37,"7":6,"8":31},"f":{"0":15,"1":1,"2":37,"3":37},"b":{"0":[6,31],"1":[37,34]},"_coverageSchema":"1a1c01bbd47fc00a2c39e90264f33305004495a9","hash":"4b66ee802596ebb53f5ee76bac3219d980287b13"}
,"/home/artem/mern/client/src/modules/Registration/RegistrationPage/Registration.page.jsx": {"path":"/home/artem/mern/client/src/modules/Registration/RegistrationPage/Registration.page.jsx","statementMap":{"0":{"start":{"line":8,"column":25},"end":{"line":46,"column":1}},"1":{"start":{"line":9,"column":20},"end":{"line":9,"column":30}},"2":{"start":{"line":10,"column":19},"end":{"line":10,"column":32}},"3":{"start":{"line":11,"column":23},"end":{"line":11,"column":52}},"4":{"start":{"line":12,"column":23},"end":{"line":12,"column":35}},"5":{"start":{"line":14,"column":23},"end":{"line":16,"column":3}},"6":{"start":{"line":15,"column":4},"end":{"line":15,"column":75}},"7":{"start":{"line":18,"column":2},"end":{"line":23,"column":29}},"8":{"start":{"line":19,"column":4},"end":{"line":22,"column":5}},"9":{"start":{"line":20,"column":6},"end":{"line":20,"column":44}},"10":{"start":{"line":21,"column":6},"end":{"line":21,"column":41}},"11":{"start":{"line":25,"column":2},"end":{"line":45,"column":4}}},"fnMap":{"0":{"name":"(anonymous_0)","decl":{"start":{"line":8,"column":25},"end":{"line":8,"column":26}},"loc":{"start":{"line":8,"column":31},"end":{"line":46,"column":1}},"line":8},"1":{"name":"(anonymous_1)","decl":{"start":{"line":14,"column":23},"end":{"line":14,"column":24}},"loc":{"start":{"line":14,"column":33},"end":{"line":16,"column":3}},"line":14},"2":{"name":"(anonymous_2)","decl":{"start":{"line":18,"column":12},"end":{"line":18,"column":13}},"loc":{"start":{"line":18,"column":18},"end":{"line":23,"column":3}},"line":18}},"branchMap":{"0":{"loc":{"start":{"line":19,"column":4},"end":{"line":22,"column":5}},"type":"if","locations":[{"start":{"line":19,"column":4},"end":{"line":22,"column":5}},{"start":{},"end":{}}],"line":19},"1":{"loc":{"start":{"line":39,"column":11},"end":{"line":41,"column":11}},"type":"binary-expr","locations":[{"start":{"line":39,"column":11},"end":{"line":39,"column":29}},{"start":{"line":40,"column":12},"end":{"line":40,"column":100}}],"line":39}},"s":{"0":1,"1":7,"2":7,"3":6,"4":0,"5":0,"6":0,"7":0,"8":0,"9":0,"10":0,"11":0},"f":{"0":7,"1":0,"2":0},"b":{"0":[0,0],"1":[0,0]},"_coverageSchema":"1a1c01bbd47fc00a2c39e90264f33305004495a9","hash":"15871efe98095bcd5ae17d5e8ea7718e092011d2"}
,"/home/artem/mern/client/src/modules/Tasks/index.jsx": {"path":"/home/artem/mern/client/src/modules/Tasks/index.jsx","statementMap":{"0":{"start":{"line":3,"column":14},"end":{"line":130,"column":1}},"1":{"start":{"line":129,"column":2},"end":{"line":129,"column":36}}},"fnMap":{"0":{"name":"(anonymous_0)","decl":{"start":{"line":3,"column":14},"end":{"line":3,"column":15}},"loc":{"start":{"line":3,"column":20},"end":{"line":130,"column":1}},"line":3}},"branchMap":{},"s":{"0":0,"1":0},"f":{"0":0},"b":{}}
,"/home/artem/mern/client/src/services/constants.js": {"path":"/home/artem/mern/client/src/services/constants.js","statementMap":{"0":{"start":{"line":1,"column":28},"end":{"line":1,"column":38}}},"fnMap":{},"branchMap":{},"s":{"0":5},"f":{},"b":{},"_coverageSchema":"1a1c01bbd47fc00a2c39e90264f33305004495a9","hash":"8ade0d8fd4d3abaeb062a6c98ba0c494f0bc5163"}
,"/home/artem/mern/client/src/store/index.js": {"path":"/home/artem/mern/client/src/store/index.js","statementMap":{"0":{"start":{"line":7,"column":14},"end":{"line":14,"column":2}},"1":{"start":{"line":13,"column":38},"end":{"line":13,"column":75}}},"fnMap":{"0":{"name":"(anonymous_0)","decl":{"start":{"line":13,"column":14},"end":{"line":13,"column":15}},"loc":{"start":{"line":13,"column":38},"end":{"line":13,"column":75}},"line":13}},"branchMap":{},"s":{"0":1,"1":1},"f":{"0":1},"b":{},"_coverageSchema":"1a1c01bbd47fc00a2c39e90264f33305004495a9","hash":"8b58ae0278860701e907d703a578db1825ae273c"}
,"/home/artem/mern/client/src/store/authentification/auth.slice.js": {"path":"/home/artem/mern/client/src/store/authentification/auth.slice.js","statementMap":{"0":{"start":{"line":5,"column":21},"end":{"line":10,"column":1}},"1":{"start":{"line":12,"column":21},"end":{"line":27,"column":2}},"2":{"start":{"line":13,"column":2},"end":{"line":26,"column":3}},"3":{"start":{"line":14,"column":21},"end":{"line":14,"column":82}},"4":{"start":{"line":15,"column":4},"end":{"line":15,"column":117}},"5":{"start":{"line":17,"column":4},"end":{"line":17,"column":25}},"6":{"start":{"line":19,"column":16},"end":{"line":19,"column":19}},"7":{"start":{"line":21,"column":4},"end":{"line":23,"column":5}},"8":{"start":{"line":22,"column":6},"end":{"line":22,"column":16}},"9":{"start":{"line":25,"column":4},"end":{"line":25,"column":48}},"10":{"start":{"line":29,"column":25},"end":{"line":67,"column":2}},"11":{"start":{"line":35,"column":8},"end":{"line":35,"column":27}},"12":{"start":{"line":36,"column":8},"end":{"line":36,"column":28}},"13":{"start":{"line":37,"column":8},"end":{"line":37,"column":46}},"14":{"start":{"line":42,"column":8},"end":{"line":42,"column":43}},"15":{"start":{"line":43,"column":8},"end":{"line":43,"column":45}},"16":{"start":{"line":48,"column":4},"end":{"line":50,"column":7}},"17":{"start":{"line":49,"column":6},"end":{"line":49,"column":29}},"18":{"start":{"line":51,"column":4},"end":{"line":56,"column":7}},"19":{"start":{"line":52,"column":6},"end":{"line":52,"column":34}},"20":{"start":{"line":53,"column":6},"end":{"line":53,"column":36}},"21":{"start":{"line":54,"column":6},"end":{"line":54,"column":25}},"22":{"start":{"line":55,"column":6},"end":{"line":55,"column":30}},"23":{"start":{"line":57,"column":4},"end":{"line":65,"column":7}},"24":{"start":{"line":58,"column":6},"end":{"line":64,"column":7}},"25":{"start":{"line":59,"column":8},"end":{"line":59,"column":37}},"26":{"start":{"line":60,"column":8},"end":{"line":60,"column":32}},"27":{"start":{"line":62,"column":8},"end":{"line":62,"column":43}},"28":{"start":{"line":63,"column":8},"end":{"line":63,"column":32}},"29":{"start":{"line":69,"column":24},"end":{"line":69,"column":43}},"30":{"start":{"line":69,"column":33},"end":{"line":69,"column":43}},"31":{"start":{"line":71,"column":28},"end":{"line":76,"column":3}},"32":{"start":{"line":71,"column":70},"end":{"line":76,"column":1}},"33":{"start":{"line":78,"column":47},"end":{"line":78,"column":64}}},"fnMap":{"0":{"name":"(anonymous_0)","decl":{"start":{"line":12,"column":52},"end":{"line":12,"column":53}},"loc":{"start":{"line":12,"column":104},"end":{"line":27,"column":1}},"line":12},"1":{"name":"(anonymous_1)","decl":{"start":{"line":34,"column":15},"end":{"line":34,"column":16}},"loc":{"start":{"line":34,"column":24},"end":{"line":38,"column":7}},"line":34},"2":{"name":"(anonymous_2)","decl":{"start":{"line":41,"column":15},"end":{"line":41,"column":16}},"loc":{"start":{"line":41,"column":34},"end":{"line":44,"column":7}},"line":41},"3":{"name":"(anonymous_3)","decl":{"start":{"line":47,"column":17},"end":{"line":47,"column":18}},"loc":{"start":{"line":47,"column":28},"end":{"line":66,"column":3}},"line":47},"4":{"name":"(anonymous_4)","decl":{"start":{"line":48,"column":35},"end":{"line":48,"column":36}},"loc":{"start":{"line":48,"column":44},"end":{"line":50,"column":5}},"line":48},"5":{"name":"(anonymous_5)","decl":{"start":{"line":51,"column":37},"end":{"line":51,"column":38}},"loc":{"start":{"line":51,"column":61},"end":{"line":56,"column":5}},"line":51},"6":{"name":"(anonymous_6)","decl":{"start":{"line":57,"column":36},"end":{"line":57,"column":37}},"loc":{"start":{"line":57,"column":55},"end":{"line":65,"column":5}},"line":57},"7":{"name":"(anonymous_7)","decl":{"start":{"line":69,"column":24},"end":{"line":69,"column":25}},"loc":{"start":{"line":69,"column":33},"end":{"line":69,"column":43}},"line":69},"8":{"name":"(anonymous_8)","decl":{"start":{"line":71,"column":60},"end":{"line":71,"column":61}},"loc":{"start":{"line":71,"column":70},"end":{"line":76,"column":1}},"line":71}},"branchMap":{"0":{"loc":{"start":{"line":21,"column":4},"end":{"line":23,"column":5}},"type":"if","locations":[{"start":{"line":21,"column":4},"end":{"line":23,"column":5}},{"start":{},"end":{}}],"line":21},"1":{"loc":{"start":{"line":58,"column":6},"end":{"line":64,"column":7}},"type":"if","locations":[{"start":{"line":58,"column":6},"end":{"line":64,"column":7}},{"start":{"line":61,"column":13},"end":{"line":64,"column":7}}],"line":58}},"s":{"0":5,"1":5,"2":3,"3":3,"4":1,"5":1,"6":2,"7":2,"8":0,"9":2,"10":5,"11":0,"12":0,"13":0,"14":0,"15":0,"16":5,"17":3,"18":5,"19":1,"20":1,"21":1,"22":1,"23":5,"24":2,"25":2,"26":2,"27":0,"28":0,"29":5,"30":9,"31":5,"32":9,"33":5},"f":{"0":3,"1":0,"2":0,"3":5,"4":3,"5":1,"6":2,"7":9,"8":9},"b":{"0":[0,2],"1":[2,0]},"_coverageSchema":"1a1c01bbd47fc00a2c39e90264f33305004495a9","hash":"9044ad12a1364f609db405ec5b51e7b3edf8ca3b"}
,"/home/artem/mern/client/src/store/registration/register.slice.js": {"path":"/home/artem/mern/client/src/store/registration/register.slice.js","statementMap":{"0":{"start":{"line":4,"column":21},"end":{"line":8,"column":1}},"1":{"start":{"line":10,"column":24},"end":{"line":24,"column":2}},"2":{"start":{"line":11,"column":2},"end":{"line":23,"column":3}},"3":{"start":{"line":12,"column":21},"end":{"line":12,"column":85}},"4":{"start":{"line":14,"column":4},"end":{"line":14,"column":25}},"5":{"start":{"line":16,"column":16},"end":{"line":16,"column":19}},"6":{"start":{"line":18,"column":4},"end":{"line":20,"column":5}},"7":{"start":{"line":19,"column":6},"end":{"line":19,"column":16}},"8":{"start":{"line":22,"column":4},"end":{"line":22,"column":48}},"9":{"start":{"line":26,"column":29},"end":{"line":51,"column":2}},"10":{"start":{"line":31,"column":4},"end":{"line":33,"column":7}},"11":{"start":{"line":32,"column":6},"end":{"line":32,"column":29}},"12":{"start":{"line":34,"column":4},"end":{"line":38,"column":7}},"13":{"start":{"line":35,"column":6},"end":{"line":35,"column":38}},"14":{"start":{"line":36,"column":6},"end":{"line":36,"column":25}},"15":{"start":{"line":37,"column":6},"end":{"line":37,"column":30}},"16":{"start":{"line":39,"column":4},"end":{"line":49,"column":7}},"17":{"start":{"line":40,"column":6},"end":{"line":48,"column":7}},"18":{"start":{"line":41,"column":8},"end":{"line":41,"column":29}},"19":{"start":{"line":42,"column":8},"end":{"line":42,"column":37}},"20":{"start":{"line":43,"column":8},"end":{"line":43,"column":32}},"21":{"start":{"line":45,"column":8},"end":{"line":45,"column":29}},"22":{"start":{"line":46,"column":8},"end":{"line":46,"column":43}},"23":{"start":{"line":47,"column":8},"end":{"line":47,"column":32}},"24":{"start":{"line":53,"column":28},"end":{"line":53,"column":51}},"25":{"start":{"line":53,"column":37},"end":{"line":53,"column":51}},"26":{"start":{"line":55,"column":32},"end":{"line":59,"column":3}},"27":{"start":{"line":55,"column":78},"end":{"line":59,"column":1}}},"fnMap":{"0":{"name":"(anonymous_0)","decl":{"start":{"line":10,"column":58},"end":{"line":10,"column":59}},"loc":{"start":{"line":10,"column":110},"end":{"line":24,"column":1}},"line":10},"1":{"name":"(anonymous_1)","decl":{"start":{"line":30,"column":17},"end":{"line":30,"column":18}},"loc":{"start":{"line":30,"column":28},"end":{"line":50,"column":3}},"line":30},"2":{"name":"(anonymous_2)","decl":{"start":{"line":31,"column":38},"end":{"line":31,"column":39}},"loc":{"start":{"line":31,"column":47},"end":{"line":33,"column":5}},"line":31},"3":{"name":"(anonymous_3)","decl":{"start":{"line":34,"column":40},"end":{"line":34,"column":41}},"loc":{"start":{"line":34,"column":64},"end":{"line":38,"column":5}},"line":34},"4":{"name":"(anonymous_4)","decl":{"start":{"line":39,"column":39},"end":{"line":39,"column":40}},"loc":{"start":{"line":39,"column":58},"end":{"line":49,"column":5}},"line":39},"5":{"name":"(anonymous_5)","decl":{"start":{"line":53,"column":28},"end":{"line":53,"column":29}},"loc":{"start":{"line":53,"column":37},"end":{"line":53,"column":51}},"line":53},"6":{"name":"(anonymous_6)","decl":{"start":{"line":55,"column":68},"end":{"line":55,"column":69}},"loc":{"start":{"line":55,"column":78},"end":{"line":59,"column":1}},"line":55}},"branchMap":{"0":{"loc":{"start":{"line":18,"column":4},"end":{"line":20,"column":5}},"type":"if","locations":[{"start":{"line":18,"column":4},"end":{"line":20,"column":5}},{"start":{},"end":{}}],"line":18},"1":{"loc":{"start":{"line":40,"column":6},"end":{"line":48,"column":7}},"type":"if","locations":[{"start":{"line":40,"column":6},"end":{"line":48,"column":7}},{"start":{"line":44,"column":13},"end":{"line":48,"column":7}}],"line":40}},"s":{"0":2,"1":2,"2":0,"3":0,"4":0,"5":0,"6":0,"7":0,"8":0,"9":2,"10":1,"11":0,"12":1,"13":0,"14":0,"15":0,"16":1,"17":0,"18":0,"19":0,"20":0,"21":0,"22":0,"23":0,"24":2,"25":6,"26":2,"27":6},"f":{"0":0,"1":1,"2":0,"3":0,"4":0,"5":6,"6":6},"b":{"0":[0,0],"1":[0,0]},"_coverageSchema":"1a1c01bbd47fc00a2c39e90264f33305004495a9","hash":"0b012990281a97eb566978adf0017fe35c695151"}
,"/home/artem/mern/client/src/utils/testUtils.js": {"path":"/home/artem/mern/client/src/utils/testUtils.js","statementMap":{"0":{"start":{"line":21,"column":4},"end":{"line":25,"column":6}},"1":{"start":{"line":27,"column":2},"end":{"line":27,"column":63}}},"fnMap":{"0":{"name":"renderWithRedux","decl":{"start":{"line":12,"column":9},"end":{"line":12,"column":24}},"loc":{"start":{"line":19,"column":2},"end":{"line":28,"column":1}},"line":19},"1":{"name":"Wrapper","decl":{"start":{"line":20,"column":11},"end":{"line":20,"column":18}},"loc":{"start":{"line":20,"column":33},"end":{"line":26,"column":3}},"line":20}},"branchMap":{"0":{"loc":{"start":{"line":14,"column":2},"end":{"line":18,"column":8}},"type":"default-arg","locations":[{"start":{"line":18,"column":6},"end":{"line":18,"column":8}}],"line":14},"1":{"loc":{"start":{"line":16,"column":4},"end":{"line":16,"column":97}},"type":"default-arg","locations":[{"start":{"line":16,"column":12},"end":{"line":16,"column":97}}],"line":16}},"s":{"0":28,"1":28},"f":{"0":28,"1":28},"b":{"0":[28],"1":[28]},"_coverageSchema":"1a1c01bbd47fc00a2c39e90264f33305004495a9","hash":"023ddcd3bee1ec2c40551ac5ebab6768fd1bec33"}
}
